<?xml version="1.0" encoding="UTF-8"?>
<!-- Generated by org.testng.reporters.JUnitReportReporter -->
<testsuite skipped="0" hostname="m-c02d12vbmd6n" name="TestScenario1" tests="3" failures="0" timestamp="2021-12-05T16:24:45 IST" time="16.157" errors="0">
  <testcase name="test1_selectProductBasedOnTemperature" time="1.980" classname="TestScenario1"/>
  <system-out/>
  <testcase name="test2_addProductsToCart" time="4.894" classname="TestScenario1"/>
  <system-out/>
  <testcase name="test3_proceedWithCheckoutAndMakePayment" time="9.283" classname="TestScenario1"/>
  <system-out/>
</testsuite> <!-- TestScenario1 -->
