<?xml version="1.0" encoding="UTF-8"?>
<!-- Generated by org.testng.reporters.JUnitReportReporter -->
<testsuite skipped="0" hostname="m-c02d12vbmd6n" name="TestScenario1" tests="3" failures="0" timestamp="2021-11-27T13:35:42 IST" time="19.385" errors="0">
  <testcase name="test1_selectProductBasedOnTemperature" time="2.079" classname="TestScenario1"/>
  <system-out/>
  <testcase name="test2_addProductsToCart" time="6.373" classname="TestScenario1"/>
  <system-out/>
  <testcase name="test3_proceedWithCheckoutAndMakePayment" time="10.933" classname="TestScenario1"/>
  <system-out/>
</testsuite> <!-- TestScenario1 -->
