<?xml version="1.0" encoding="UTF-8"?>
<!-- Generated by org.testng.reporters.JUnitReportReporter -->
<testsuite skipped="0" hostname="m-c02d12vbmd6n" name="TestScenario2" tests="3" failures="0" timestamp="2021-12-05T16:24:45 IST" time="14.438" errors="0">
  <testcase name="test1_selectProductBasedOnTemperature" time="1.937" classname="TestScenario2"/>
  <system-out/>
  <testcase name="test2_addProductsToCart" time="3.331" classname="TestScenario2"/>
  <system-out/>
  <testcase name="test3_proceedWithCheckoutAndMakePayment" time="9.170" classname="TestScenario2"/>
  <system-out/>
</testsuite> <!-- TestScenario2 -->
