<?xml version="1.0" encoding="UTF-8"?>
<!-- Generated by org.testng.reporters.JUnitReportReporter -->
<testsuite hostname="m-c02d12vbmd6n" failures="0" tests="3" name="TestScenario1" time="17.717" errors="0" timestamp="2021-11-27T19:24:19 IST" skipped="0">
  <testcase classname="TestScenario1" name="test1_selectProductBasedOnTemperature" time="2.053"/>
  <system-out/>
  <testcase classname="TestScenario1" name="test2_addProductsToCart" time="5.485"/>
  <system-out/>
  <testcase classname="TestScenario1" name="test3_proceedWithCheckoutAndMakePayment" time="10.179"/>
  <system-out/>
</testsuite> <!-- TestScenario1 -->
